INFO: utils.events: Event registered: error_occurred
INFO: utils.events: Event registered: process_launched
INFO: utils.events: Event registered: process_terminated
INFO: utils.events: Event registered: ui_initialized
INFO: utils.events: Event registered: ui_terminated
INFO: utils.events: Event registered: process_launched
INFO: utils.events: Event registered: process_terminated
INFO: utils.events: Event registered: show_error
INFO: utils.events: Event registered: plugins_loaded
INFO: utils.events: Event registered: hooks_loaded
INFO: utils.events: Event registered: payloads_loaded
INFO: utils.events: Event registered: arguments_loaded
INFO: utils.events: Event registered: settings_loaded
INFO: utils.events: Event registered: core_initialized
INFO: utils.events: Event registered: core_terminated
INFO: utils.events: Event registered: need_update
INFO: utils.events: Event registered: process_launched
INFO: utils.events: Event registered: process_terminated
DEBUG: asyncio: Using proactor: IocpProactor
INFO: Simple-XSS: Application started
INFO: Simple-XSS: DI containers configured
DEBUG: utils.imputils: Module imported: <module 'plugin' from 'D:\\CyberSecirity\\MyUtils\\Simple-XSS\\resources\\plugins\\settings\\plugin.py'>
DEBUG: utils.imputils: Class imported: <class 'plugin.Plugin'>
DEBUG: utils.events: Callback subscribed to settings_loaded: <bound method Plugin.on_settings_loaded of <plugin.Plugin object at 0x000002B9B9F2A0F0>>
DEBUG: utils.packages: Package loaded: Settings Loading Detector
INFO: Simple-XSS: Plugins loaded
DEBUG: utils.events: Event published async: plugins_loaded
INFO: utils.arguments: Arguments parsed: settings_file='settings.toml' graphic_mode=<GraphicMode.GUI: 'gui'> language='en'
DEBUG: utils.events: Event published async: arguments_loaded
INFO: Simple-XSS: Language set: en
INFO: utils.settings: Settings loaded: hook=HookSettingsSchema(current='Default HTTP Hook', directory='resources\\hooks') payload=PayloadSettingsSchema(current='IP Stealer', directory='resources\\payloads') transport=TransportSettingsSchema(current='Default HTTP Transport', host='localhost', port=4444) tunneling=TunnelingSettingsSchema(current='serveo', use=True, public_url='') graphics=GraphicsSettingsSchema(resolution=(1280, 760), theme='dark')
INFO: Simple-XSS: Settings loaded: hook=HookSettingsSchema(current='Default HTTP Hook', directory='resources\\hooks') payload=PayloadSettingsSchema(current='IP Stealer', directory='resources\\payloads') transport=TransportSettingsSchema(current='Default HTTP Transport', host='localhost', port=4444) tunneling=TunnelingSettingsSchema(current='serveo', use=True, public_url='') graphics=GraphicsSettingsSchema(resolution=(1280, 760), theme='dark')
DEBUG: utils.events: Event published async: settings_loaded
DEBUG: utils.imputils: Module imported: <module 'hook' from 'D:\\CyberSecirity\\MyUtils\\Simple-XSS\\resources\\hooks\\http\\hook.py'>
DEBUG: utils.imputils: Class imported: <class 'hook.Hook'>
DEBUG: utils.packages: Package loaded: Default HTTP Hook
DEBUG: utils.imputils: Module imported: <module 'hook' from 'D:\\CyberSecirity\\MyUtils\\Simple-XSS\\resources\\hooks\\http-eval\\hook.py'>
DEBUG: utils.imputils: Class imported: <class 'hook.Hook'>
DEBUG: utils.packages: Package loaded: HTTP Eval Hook
DEBUG: utils.imputils: Module imported: <module 'hook' from 'D:\\CyberSecirity\\MyUtils\\Simple-XSS\\resources\\hooks\\websocket\\hook.py'>
DEBUG: utils.imputils: Class imported: <class 'hook.Hook'>
DEBUG: utils.packages: Package loaded: Default Websocket Hook
INFO: Simple-XSS: Hooks loaded
DEBUG: utils.events: Event published async: hooks_loaded
DEBUG: utils.imputils: Module imported: <module 'payload' from 'D:\\CyberSecirity\\MyUtils\\Simple-XSS\\resources\\payloads\\alert\\payload.py'>
DEBUG: utils.imputils: Class imported: <class 'payload.Payload'>
DEBUG: utils.packages: Package loaded: Alert
DEBUG: utils.imputils: Module imported: <module 'payload' from 'D:\\CyberSecirity\\MyUtils\\Simple-XSS\\resources\\payloads\\cookies\\payload.py'>
DEBUG: utils.imputils: Class imported: <class 'payload.Payload'>
DEBUG: utils.packages: Package loaded: Cookie Stealer
DEBUG: utils.imputils: Module imported: <module 'payload' from 'D:\\CyberSecirity\\MyUtils\\Simple-XSS\\resources\\payloads\\ip\\payload.py'>
DEBUG: utils.imputils: Class imported: <class 'payload.Payload'>
DEBUG: utils.packages: Package loaded: IP Stealer
INFO: Simple-XSS: Payloads loaded
DEBUG: utils.events: Event published async: payloads_loaded
INFO: Simple-XSS: GUI initialized
DEBUG: utils.events: Event published: ui_initialized
DEBUG: utils.events: Event published: core_initialized
INFO: Simple-XSS: Core initialized
DEBUG: utils.events: Callback subscribed to process_launched: <bound method Core._run_process of <simplexss.core.core.Core object at 0x000002B9B9F2B260>>
DEBUG: utils.events: Callback subscribed to process_terminated: <bound method Core._stop_process of <simplexss.core.core.Core object at 0x000002B9B9F2B260>>
DEBUG: utils.events: Callback subscribed to error_occurred: <bound method Core._handle_error of <simplexss.core.core.Core object at 0x000002B9B9F2B260>>
DEBUG: utils.events: Callback subscribed to process_launched: <bound method Core._handle_launched of <simplexss.core.core.Core object at 0x000002B9B9F2B260>>
INFO: flet_runtime: Assets path configured: D:\CyberSecirity\MyUtils\Simple-XSS\simplexss\assets
DEBUG: flet_core: Creating new PubSubHub instance
DEBUG: flet_core: Creating new PubSubHub instance
INFO: flet_runtime: Starting up TCP server on localhost:57713
INFO: flet_runtime: Flet app has started...
INFO: flet_runtime: App URL: tcp://localhost:57713
INFO: flet_runtime: Starting Flet View app...
INFO: flet_runtime: Flet View found in: D:\CyberSecirity\MyUtils\Simple-XSS\.venv\Lib\site-packages\flet\bin\flet\flet.exe
DEBUG: flet_runtime: Connected new TCP client
DEBUG: flet_runtime: _on_message: {"action":"registerWebClient","payload":{"pageName":"","pageRoute":"/","pageWidth":"1265.6","pageHeight":"682.4","windowWidth":"1280.0","windowHeight":"720.0","windowTop":"9.6","windowLeft":"9.6","isPWA":"false","isWeb":"false","isDebug":"false","platform":"windows","platformBrightness":"light","media":"{\"padding\":{\"top\":0.0,\"right\":0.0,\"bottom\":0.0,\"left\":0.0},\"view_padding\":{\"top\":0.0,\"right\":0.0,\"bottom\":0.0,\"left\":0.0},\"view_insets\":{\"top\":0.0,\"right\":0.0,\"bottom\":0.0,\"left\":0.0}}","sessionId":""}}
DEBUG: flet_runtime: __send: {"action":"registerWebClient","payload":{"session":{"id":"","controls":{"page":{"i":"page","t":"page","p":"","c":[],"route":"/","width":"1265.6","height":"682.4","windowwidth":"1280.0","windowheight":"720.0","windowtop":"9.6","windowleft":"9.6","pwa":"false","web":"false","debug":"false","platform":"windows","platformBrightness":"light","media":"{\"padding\":{\"top\":0.0,\"right\":0.0,\"bottom\":0.0,\"left\":0.0},\"view_padding\":{\"top\":0.0,\"right\":0.0,\"bottom\":0.0,\"left\":0.0},\"view_insets\":{\"top\":0.0,\"right\":0.0,\"bottom\":0.0,\"left\":0.0}}"}}},"error":"","appInactive":false}}
DEBUG: flet_core: _process_command: get ['page', 'route'] {}
DEBUG: flet_core: _process_command: get ['page', 'pwa'] {}
DEBUG: flet_core: _process_command: get ['page', 'web'] {}
DEBUG: flet_core: _process_command: get ['page', 'debug'] {}
DEBUG: flet_core: _process_command: get ['page', 'platform'] {}
DEBUG: flet_core: _process_command: get ['page', 'platformBrightness'] {}
DEBUG: flet_core: _process_command: get ['page', 'media'] {}
DEBUG: flet_core: _process_command: get ['page', 'width'] {}
DEBUG: flet_core: _process_command: get ['page', 'height'] {}
DEBUG: flet_core: _process_command: get ['page', 'windowWidth'] {}
DEBUG: flet_core: _process_command: get ['page', 'windowHeight'] {}
DEBUG: flet_core: _process_command: get ['page', 'windowTop'] {}
DEBUG: flet_core: _process_command: get ['page', 'windowLeft'] {}
DEBUG: flet_core: _process_command: get ['page', 'clientIP'] {}
DEBUG: flet_core: _process_command: get ['page', 'clientUserAgent'] {}
INFO: flet_runtime: App session started
DEBUG: utils.events: Callback subscribed to need_update: <bound method ComponentManager._update_comps of <simplexss.core.ui.gui.managers.ComponentManager object at 0x000002B9B9F5BB30>>
DEBUG: utils.events: Callback subscribed to process_launched: <bound method ComponentManager._handle_process_launched of <simplexss.core.ui.gui.managers.ComponentManager object at 0x000002B9B9F5BB30>>
DEBUG: utils.events: Callback subscribed to process_terminated: <bound method ComponentManager._handle_process_terminated of <simplexss.core.ui.gui.managers.ComponentManager object at 0x000002B9B9F5BB30>>
DEBUG: utils.events: Callback subscribed to show_error: <bound method ComponentManager._handle_error of <simplexss.core.ui.gui.managers.ComponentManager object at 0x000002B9B9F5BB30>>
DEBUG: flet_core: _process_command: set ['page'] {'thememode': 'dark', 'title': 'Simple-XSS - V0.3', 'windowheight': '760', 'windowminheight': '760', 'windowminwidth': '1280', 'windowwidth': '1280'}
DEBUG: flet_core: _process_command: add [] {'to': 'page', 'at': '0'}
DEBUG: flet_core: _process_command: add [] {'to': 'page', 'at': '1'}
DEBUG: flet_runtime: __send: {"action":"pageControlsBatch","payload":[{"action":"updateControlProps","payload":{"props":[{"i":"page","thememode":"dark","title":"Simple-XSS - V0.3","windowheight":"760","windowminheight":"760","windowminwidth":"1280","windowwidth":"1280"}]}},{"action":"addPageControls","payload":{"controls":[{"t":"view","i":"_1","p":"page","c":["_2"],"at":"0"},{"t":"row","i":"_2","p":"_1","c":["_3","_46"],"expand":"1"},{"t":"column","i":"_3","p":"_2","c":["_4","_19","_28","_37"],"expand":"1"},{"t":"container","i":"_4","p":"_3","c":["_5"],"border":"{\"l\":{\"w\":1,\"c\":\"outline\"},\"t\":{\"w\":1,\"c\":\"outline\"},\"r\":{\"w\":1,\"c\":\"outline\"},\"b\":{\"w\":1,\"c\":\"outline\"}}","borderradius":"5","expand":"1","padding":"15"},{"t":"column","i":"_5","p":"_4","c":["_6","_8","_10","_13","_14","_16"],"n":"content","scroll":"auto"},{"t":"row","i":"_6","p":"_5","c":["_7"]},{"t":"text","i":"_7","p":"_6","c":[],"expand":"1","size":"20","textalign":"center","value":"Network"},{"t":"row","i":"_8","p":"_5","c":["_9"]},{"t":"dropdown","i":"_9","p":"_8","c":[],"bordercolor":"outline","expand":"1"},{"t":"row","i":"_10","p":"_5","c":["_11","_12"]},{"t":"textfield","i":"_11","p":"_10","c":[],"bordercolor":"outline","expand":"1","hinttext":"Host","onchange":"true","visible":"true"},{"t":"textfield","i":"_12","p":"_10","c":[],"bordercolor":"outline","hinttext":"Port","onchange":"true","visible":"true","width":"100"},{"t":"divider","i":"_13","p":"_5","c":[]},{"t":"row","i":"_14","p":"_5","c":["_15"]},{"t":"checkbox","i":"_15","p":"_14","c":[],"label":"Use Tunnelling Service"},{"t":"row","i":"_16","p":"_5","c":["_17","_18"]},{"t":"dropdown","i":"_17","p":"_16","c":[],"bordercolor":"outline","expand":"1"},{"t":"textfield","i":"_18","p":"_16","c":[],"bordercolor":"outline","expand":"1","hinttext":"Public URL","onchange":"true"},{"t":"container","i":"_19","p":"_3","c":["_20"],"border":"{\"l\":{\"w\":1,\"c\":\"outline\"},\"t\":{\"w\":1,\"c\":\"outline\"},\"r\":{\"w\":1,\"c\":\"outline\"},\"b\":{\"w\":1,\"c\":\"outline\"}}","borderradius":"5","padding":"15"},{"t":"column","i":"_20","p":"_19","c":["_21","_23","_25","_26"],"n":"content"},{"t":"row","i":"_21","p":"_20","c":["_22"]},{"t":"text","i":"_22","p":"_21","c":[],"expand":"1","size":"20","textalign":"center","value":"Hook"},{"t":"row","i":"_23","p":"_20","c":["_24"]},{"t":"dropdown","i":"_24","p":"_23","c":[],"bordercolor":"outline","expand":"1"},{"t":"text","i":"_25","p":"_20","c":[],"maxlines":"3","overflow":"ellipsis","visible":"true"},{"t":"container","i":"_26","p":"_20","c":["_27"],"alignment":"{\"x\":1,\"y\":1}"},{"t":"text","i":"_27","p":"_26","c":[],"italic":"true","n":"content","textalign":"right"},{"t":"container","i":"_28","p":"_3","c":["_29"],"border":"{\"l\":{\"w\":1,\"c\":\"outline\"},\"t\":{\"w\":1,\"c\":\"outline\"},\"r\":{\"w\":1,\"c\":\"outline\"},\"b\":{\"w\":1,\"c\":\"outline\"}}","borderradius":"5","padding":"15"},{"t":"column","i":"_29","p":"_28","c":["_30","_32","_34","_35"],"n":"content"},{"t":"row","i":"_30","p":"_29","c":["_31"]},{"t":"text","i":"_31","p":"_30","c":[],"expand":"1","size":"20","textalign":"center","value":"Payload"},{"t":"row","i":"_32","p":"_29","c":["_33"]},{"t":"dropdown","i":"_33","p":"_32","c":[],"bordercolor":"outline","expand":"1"},{"t":"text","i":"_34","p":"_29","c":[],"maxlines":"3","overflow":"ellipsis","visible":"true"},{"t":"container","i":"_35","p":"_29","c":["_36"],"alignment":"{\"x\":1,\"y\":1}"},{"t":"text","i":"_36","p":"_35","c":[],"italic":"true","n":"content","textalign":"right"},{"t":"row","i":"_37","p":"_3","c":["_38","_40","_42","_44"]},{"t":"column","i":"_38","p":"_37","c":["_39"]},{"t":"iconbutton","i":"_39","p":"_38","c":[],"icon":"play_arrow","iconcolor":"green","iconsize":"35","tooltip":"Run"},{"t":"column","i":"_40","p":"_37","c":["_41"]},{"t":"iconbutton","i":"_41","p":"_40","c":[],"disabled":"true","icon":"stop","iconcolor":"red","iconsize":"35","tooltip":"Stop"},{"t":"column","i":"_42","p":"_37","c":["_43"],"expand":"1"},{"t":"textfield","i":"_43","p":"_42","c":[],"bordercolor":"outline","disabled":"true","hinttext":"Hook","readonly":"true"},{"t":"column","i":"_44","p":"_37","c":["_45"]},{"t":"iconbutton","i":"_45","p":"_44","c":[],"icon":"copy","iconcolor":"blue","iconsize":"35","tooltip":"Copy"},{"t":"column","i":"_46","p":"_2","c":["_47","_50"],"expand":"1"},{"t":"row","i":"_47","p":"_46","c":["_48"],"expand":"1"},{"t":"container","i":"_48","p":"_47","c":["_49"],"border":"{\"l\":{\"w\":1,\"c\":\"outline\"},\"t\":{\"w\":1,\"c\":\"outline\"},\"r\":{\"w\":1,\"c\":\"outline\"},\"b\":{\"w\":1,\"c\":\"outline\"}}","borderradius":"5","expand":"1","padding":"15"},{"t":"listview","i":"_49","p":"_48","c":[],"autoscroll":"true","expand":"1","n":"content","spacing":"5"},{"t":"row","i":"_50","p":"_46","c":["_51","_52"]},{"t":"textfield","i":"_51","p":"_50","c":[],"bordercolor":"outline","disabled":"true","expand":"1","hinttext":"Message"},{"t":"iconbutton","i":"_52","p":"_50","c":[],"disabled":"true","icon":"send","iconcolor":"blue200","iconsize":"35","tooltip":"Send"}],"trimIDs":[]}},{"action":"addPageControls","payload":{"controls":[{"t":"offstage","i":"_53","p":"page","c":[],"at":"1"}],"trimIDs":[]}}]}
DEBUG: flet_core: _process_command: set ['_4'] {'disabled': 'false'}
DEBUG: flet_core: _process_command: set ['_9'] {'value': 'Default HTTP Transport'}
DEBUG: flet_core: _process_command: add [] {'to': '_9', 'at': '0'}
DEBUG: flet_core: _process_command: set ['_11'] {'value': 'localhost'}
DEBUG: flet_core: _process_command: set ['_12'] {'value': '4444'}
DEBUG: flet_core: _process_command: set ['_15'] {'value': 'true'}
DEBUG: flet_core: _process_command: set ['_17'] {'value': 'serveo', 'visible': 'true'}
DEBUG: flet_core: _process_command: add [] {'to': '_17', 'at': '0'}
DEBUG: flet_core: _process_command: set ['_18'] {'value': '', 'visible': 'false'}
DEBUG: flet_runtime: __send: {"action":"pageControlsBatch","payload":[{"action":"updateControlProps","payload":{"props":[{"i":"_4","disabled":"false"}]}},{"action":"updateControlProps","payload":{"props":[{"i":"_9","value":"Default HTTP Transport"}]}},{"action":"addPageControls","payload":{"controls":[{"t":"dropdownoption","i":"_54","p":"_9","c":[],"at":"0","key":"Default HTTP Transport"}],"trimIDs":[]}},{"action":"updateControlProps","payload":{"props":[{"i":"_11","value":"localhost"}]}},{"action":"updateControlProps","payload":{"props":[{"i":"_12","value":"4444"}]}},{"action":"updateControlProps","payload":{"props":[{"i":"_15","value":"true"}]}},{"action":"updateControlProps","payload":{"props":[{"i":"_17","value":"serveo","visible":"true"}]}},{"action":"addPageControls","payload":{"controls":[{"t":"dropdownoption","i":"_55","p":"_17","c":[],"at":"0","key":"serveo"}],"trimIDs":[]}},{"action":"updateControlProps","payload":{"props":[{"i":"_18","value":"","visible":"false"}]}}]}
DEBUG: flet_core: _process_command: set ['_19'] {'disabled': 'false'}
DEBUG: flet_core: _process_command: set ['_24'] {'value': 'Default HTTP Hook'}
DEBUG: flet_core: _process_command: add [] {'to': '_24', 'at': '0'}
DEBUG: flet_core: _process_command: add [] {'to': '_24', 'at': '1'}
DEBUG: flet_core: _process_command: set ['_25'] {'value': 'Default HTTP hook, uses script src.'}
DEBUG: flet_core: _process_command: set ['_27'] {'value': '@crazyproger1'}
DEBUG: flet_runtime: __send: {"action":"pageControlsBatch","payload":[{"action":"updateControlProps","payload":{"props":[{"i":"_19","disabled":"false"}]}},{"action":"updateControlProps","payload":{"props":[{"i":"_24","value":"Default HTTP Hook"}]}},{"action":"addPageControls","payload":{"controls":[{"t":"dropdownoption","i":"_56","p":"_24","c":[],"at":"0","key":"Default HTTP Hook"}],"trimIDs":[]}},{"action":"addPageControls","payload":{"controls":[{"t":"dropdownoption","i":"_57","p":"_24","c":[],"at":"1","key":"HTTP Eval Hook"}],"trimIDs":[]}},{"action":"updateControlProps","payload":{"props":[{"i":"_25","value":"Default HTTP hook, uses script src."}]}},{"action":"updateControlProps","payload":{"props":[{"i":"_27","value":"@crazyproger1"}]}}]}
DEBUG: flet_core: _process_command: set ['_28'] {'disabled': 'false'}
DEBUG: flet_core: _process_command: set ['_33'] {'value': 'IP Stealer'}
DEBUG: flet_core: _process_command: add [] {'to': '_33', 'at': '0'}
DEBUG: flet_core: _process_command: add [] {'to': '_33', 'at': '1'}
DEBUG: flet_core: _process_command: add [] {'to': '_33', 'at': '2'}
DEBUG: flet_core: _process_command: set ['_34'] {'value': 'Steals IP.'}
DEBUG: flet_core: _process_command: set ['_36'] {'value': '@crazyproger1'}
DEBUG: flet_runtime: __send: {"action":"pageControlsBatch","payload":[{"action":"updateControlProps","payload":{"props":[{"i":"_28","disabled":"false"}]}},{"action":"updateControlProps","payload":{"props":[{"i":"_33","value":"IP Stealer"}]}},{"action":"addPageControls","payload":{"controls":[{"t":"dropdownoption","i":"_58","p":"_33","c":[],"at":"0","key":"Alert"}],"trimIDs":[]}},{"action":"addPageControls","payload":{"controls":[{"t":"dropdownoption","i":"_59","p":"_33","c":[],"at":"1","key":"Cookie Stealer"}],"trimIDs":[]}},{"action":"addPageControls","payload":{"controls":[{"t":"dropdownoption","i":"_60","p":"_33","c":[],"at":"2","key":"IP Stealer"}],"trimIDs":[]}},{"action":"updateControlProps","payload":{"props":[{"i":"_34","value":"Steals IP."}]}},{"action":"updateControlProps","payload":{"props":[{"i":"_36","value":"@crazyproger1"}]}}]}
DEBUG: flet_core: _process_command: remove ['_54'] {}
DEBUG: flet_core: _process_command: add [] {'to': '_9', 'at': '0'}
DEBUG: flet_core: _process_command: remove ['_55'] {}
DEBUG: flet_core: _process_command: add [] {'to': '_17', 'at': '0'}
DEBUG: flet_runtime: __send: {"action":"pageControlsBatch","payload":[{"action":"removeControl","payload":{"ids":["_54"]}},{"action":"addPageControls","payload":{"controls":[{"t":"dropdownoption","i":"_61","p":"_9","c":[],"at":"0","key":"Default HTTP Transport"}],"trimIDs":[]}},{"action":"removeControl","payload":{"ids":["_55"]}},{"action":"addPageControls","payload":{"controls":[{"t":"dropdownoption","i":"_62","p":"_17","c":[],"at":"0","key":"serveo"}],"trimIDs":[]}}]}
DEBUG: flet_core: _process_command: remove ['_56', '_57'] {}
DEBUG: flet_core: _process_command: add [] {'to': '_24', 'at': '0'}
DEBUG: flet_core: _process_command: add [] {'to': '_24', 'at': '1'}
DEBUG: flet_core: _process_command: set ['_25'] {'value': 'Default HTTP hook, uses script src.'}
DEBUG: flet_core: _process_command: set ['_27'] {'value': '@crazyproger1'}
DEBUG: flet_runtime: __send: {"action":"pageControlsBatch","payload":[{"action":"removeControl","payload":{"ids":["_56","_57"]}},{"action":"addPageControls","payload":{"controls":[{"t":"dropdownoption","i":"_63","p":"_24","c":[],"at":"0","key":"Default HTTP Hook"}],"trimIDs":[]}},{"action":"addPageControls","payload":{"controls":[{"t":"dropdownoption","i":"_64","p":"_24","c":[],"at":"1","key":"HTTP Eval Hook"}],"trimIDs":[]}},{"action":"updateControlProps","payload":{"props":[{"i":"_25","value":"Default HTTP hook, uses script src."}]}},{"action":"updateControlProps","payload":{"props":[{"i":"_27","value":"@crazyproger1"}]}}]}
DEBUG: flet_core: _process_command: remove ['_58', '_59', '_60'] {}
DEBUG: flet_core: _process_command: add [] {'to': '_33', 'at': '0'}
DEBUG: flet_core: _process_command: add [] {'to': '_33', 'at': '1'}
DEBUG: flet_core: _process_command: add [] {'to': '_33', 'at': '2'}
DEBUG: flet_runtime: __send: {"action":"pageControlsBatch","payload":[{"action":"removeControl","payload":{"ids":["_58","_59","_60"]}},{"action":"addPageControls","payload":{"controls":[{"t":"dropdownoption","i":"_65","p":"_33","c":[],"at":"0","key":"Alert"}],"trimIDs":[]}},{"action":"addPageControls","payload":{"controls":[{"t":"dropdownoption","i":"_66","p":"_33","c":[],"at":"1","key":"Cookie Stealer"}],"trimIDs":[]}},{"action":"addPageControls","payload":{"controls":[{"t":"dropdownoption","i":"_67","p":"_33","c":[],"at":"2","key":"IP Stealer"}],"trimIDs":[]}}]}
DEBUG: flet_core: _process_command: set ['_39'] {'disabled': 'false'}
DEBUG: flet_core: _process_command: set ['_45'] {'disabled': 'true'}
DEBUG: flet_runtime: __send: {"action":"pageControlsBatch","payload":[{"action":"updateControlProps","payload":{"props":[{"i":"_39","disabled":"false"}]}},{"action":"updateControlProps","payload":{"props":[{"i":"_45","disabled":"true"}]}}]}
DEBUG: flet_core: _process_command: set ['_47'] {'disabled': 'true'}
DEBUG: flet_runtime: __send: {"action":"pageControlsBatch","payload":[{"action":"updateControlProps","payload":{"props":[{"i":"_47","disabled":"true"}]}}]}
DEBUG: flet_runtime: sent to TCP: 603
DEBUG: flet_runtime: sent to TCP: 5189
DEBUG: flet_runtime: sent to TCP: 968
DEBUG: flet_runtime: sent to TCP: 728
DEBUG: flet_runtime: sent to TCP: 829
DEBUG: flet_runtime: sent to TCP: 449
DEBUG: flet_runtime: sent to TCP: 608
DEBUG: flet_runtime: sent to TCP: 545
DEBUG: flet_runtime: sent to TCP: 215
DEBUG: flet_runtime: sent to TCP: 130
DEBUG: flet_runtime: _on_message: {"action":"updateControlProps","payload":{"props":[{"i":"page","width":"1265.6","height":"722.4","windowwidth":"1280.0","windowheight":"760.0","windowtop":"9.6","windowleft":"9.6","windowminimized":"false","windowmaximized":"false","windowfocused":"true","windowfullscreen":"false"}]}}
DEBUG: flet_core: page.on_event_async: page change [{"i":"page","width":"1265.6","height":"722.4","windowwidth":"1280.0","windowheight":"760.0","windowtop":"9.6","windowleft":"9.6","windowminimized":"false","windowmaximized":"false","windowfocused":"true","windowfullscreen":"false"}]
DEBUG: flet_runtime: _on_message: {"action":"pageEventFromWeb","payload":{"eventTarget":"page","eventName":"resize","eventData":"1265.6,722.4"}}
DEBUG: flet_core: page.on_event_async: page resize 1265.6,722.4
DEBUG: flet_runtime: _on_message: {"action":"pageEventFromWeb","payload":{"eventTarget":"page","eventName":"app_lifecycle_state_change","eventData":"inactive"}}
DEBUG: flet_core: page.on_event_async: page app_lifecycle_state_change inactive
DEBUG: flet_runtime: Flet View process 12364
DEBUG: flet_runtime: Closing connection...
DEBUG: flet_runtime: Disconnecting all pages...
DEBUG: flet_core: page.on_event_async: page disconnect 
DEBUG: flet_runtime: Shutting down thread pool...
INFO: Simple-XSS: GUI terminated
DEBUG: utils.events: Event published async: ui_terminated
DEBUG: utils.events: Event published async: core_terminated
INFO: Simple-XSS: Core terminated
INFO: utils.settings: Settings saved: {'hook': {'current': 'Default HTTP Hook', 'directory': 'resources\\hooks'}, 'payload': {'current': 'IP Stealer', 'directory': 'resources\\payloads'}, 'transport': {'current': 'Default HTTP Transport', 'host': 'localhost', 'port': 4444}, 'tunneling': {'current': 'serveo', 'use': True, 'public_url': ''}, 'graphics': {'resolution': (1280, 760), 'theme': 'dark'}}
INFO: Simple-XSS: Settings saved: hook=HookSettingsSchema(current='Default HTTP Hook', directory='resources\\hooks') payload=PayloadSettingsSchema(current='IP Stealer', directory='resources\\payloads') transport=TransportSettingsSchema(current='Default HTTP Transport', host='localhost', port=4444) tunneling=TunnelingSettingsSchema(current='serveo', use=True, public_url='') graphics=GraphicsSettingsSchema(resolution=(1280, 760), theme='dark')
INFO: Simple-XSS: Application terminated
